[35m[Appium][39m Welcome to Appium v1.8.1
[35m[Appium][39m Non-default server args:
[35m[Appium][39m   port: 58234
[35m[Appium][39m   loglevel: info
[35m[Appium][39m   chromeDriverPort: 58235
[35m[Appium][39m   tmpDir: C:\Users\Admin\AppData\Local\Temp\\Katalon\Appium\Temp1557945719411
[35m[Appium][39m Appium REST http interface listener started on 0.0.0.0:58234
[35m[HTTP][39m [37m-->[39m [37mGET[39m [37m/wd/hub/status[39m
[35m[HTTP][39m [90m{}[39m
[35m[HTTP][39m [37m<-- GET /wd/hub/status [39m[32m200[39m [90m14 ms - 83[39m
[35m[HTTP][39m [90m[39m
[35m[HTTP][39m [37m-->[39m [37mGET[39m [37m/wd/hub/status[39m
[35m[HTTP][39m [90m{}[39m
[35m[HTTP][39m [37m<-- GET /wd/hub/status [39m[32m200[39m [90m5 ms - 83[39m
[35m[HTTP][39m [90m[39m
[35m[HTTP][39m [37m-->[39m [37mPOST[39m [37m/wd/hub/session[39m
[35m[HTTP][39m [90m{"desiredCapabilities":{"app":"C:\\Users\\Admin\\Desktop\\API Demos for Android_v1.9.0_apkpure.com (1).apk","autoGrantPermissions":true,"automationName":"uiautomator2","deviceId":"","deviceName":"Xiaomi Mi A2 Lite (Android 9)","fullReset":false,"newCommandTimeout":1800,"noReset":true,"platform":"ANDROID","platformName":"Android","udid":"07db8c440705"},"capabilities":{"desiredCapabilities":{"app":"C:\\Users\\Admin\\Desktop\\API Demos for Android_v1.9.0_apkpure.com (1).apk","autoGrantPermissions":true,"automationName":"uiautomator2","deviceId":"","deviceName":"Xiaomi Mi A2 Lite (Android 9)","fullReset":false,"newCommandTimeout":1800,"noReset":true,"platform":"ANDROID","platformName":"Android","udid":"07db8c440705"},"firstMatch":[{"platformName":"android"}]}}[39m
[35m[Appium][39m Could not parse W3C capabilities: 'deviceName' can't be blank. Falling back to JSONWP protocol.
[35m[Appium][39m The following capabilities were provided in the JSONWP desired capabilities that are missing in W3C capabilities: ["app","autoGrantPermissions","automationName","deviceId","deviceName","fullReset","newCommandTimeout","noReset","platform","platformName","udid"]. Falling back to JSONWP protocol.
[35m[Appium][39m Creating new AndroidUiautomator2Driver (v1.12.0) session
[35m[Appium][39m Capabilities:
[35m[Appium][39m   app: C:\Users\Admin\Desktop\API Demos for Android_v1.9.0_apkpure.com (1).apk
[35m[Appium][39m   autoGrantPermissions: true
[35m[Appium][39m   automationName: uiautomator2
[35m[Appium][39m   deviceId: 
[35m[Appium][39m   deviceName: Xiaomi Mi A2 Lite (Android 9)
[35m[Appium][39m   fullReset: false
[35m[Appium][39m   newCommandTimeout: 1800
[35m[Appium][39m   noReset: true
[35m[Appium][39m   platform: ANDROID
[35m[Appium][39m   platformName: Android
[35m[Appium][39m   udid: 07db8c440705
[35m[BaseDriver][39m The following capabilities were provided, but are not recognized by appium: deviceId, platform.
[35m[BaseDriver][39m Session created with session id: 45786bb2-59f2-4208-a5ed-dd3bdc948773
[35m[BaseDriver][39m Using local app 'C:\Users\Admin\Desktop\API Demos for Android_v1.9.0_apkpure.com (1).apk'
[35m[AndroidDriver][39m Java version is: 1.8.0_181
[35m[ADB][39m Checking whether adb is present
[35m[ADB][39m Found 1 'build-tools' folders under 'C:\Users\Admin\.katalon\tools\android_sdk' (newest first):
[35m[ADB][39m     C:/Users/Admin/.katalon/tools/android_sdk/build-tools/29.0.0
[35m[ADB][39m Using adb.exe from C:\Users\Admin\.katalon\tools\android_sdk\platform-tools\adb.exe
[35m[AndroidDriver][39m Retrieving device list
[35m[AndroidDriver][39m Using device: 07db8c440705
[35m[ADB][39m Using the alternative activity name detection method because of: Could not find apkanalyzer.bat in C:\Users\Admin\.katalon\tools\android_sdk\platform-tools\apkanalyzer.bat,C:\Users\Admin\.katalon\tools\android_sdk\emulator\apkanalyzer.bat,C:\Users\Admin\.katalon\tools\android_sdk\tools\apkanalyzer.bat,C:\Users\Admin\.katalon\tools\android_sdk\tools\bin\apkanalyzer.bat,C:\Users\Admin\.katalon\tools\android_sdk\build-tools\29.0.0\apkanalyzer.bat. Do you have the Android SDK installed at 'C:\Users\Admin\.katalon\tools\android_sdk'?
[35m[ADB][39m Checking whether aapt is present
[35m[ADB][39m Using aapt.exe from C:\Users\Admin\.katalon\tools\android_sdk\build-tools\29.0.0\aapt.exe
[35m[ADB][39m Extracting package and launch activity from manifest
[35m[ADB][39m Package name: 'com.touchboarder.android.api.demos'
[35m[ADB][39m Main activity name: 'com.touchboarder.androidapidemos.MainActivity'
[35m[ADB][39m Getting device platform version
[35m[ADB][39m Using apksigner.bat from C:\Users\Admin\.katalon\tools\android_sdk\build-tools\29.0.0\apksigner.bat
[35m[ADB][39m Checking whether zipalign is present
[35m[ADB][39m Using zipalign.exe from C:\Users\Admin\.katalon\tools\android_sdk\build-tools\29.0.0\zipalign.exe
[35m[ADB][39m io.appium.uiautomator2.server was successfully uninstalled
[35m[ADB][39m io.appium.uiautomator2.server.test was successfully uninstalled
[35m[AndroidDriver][39m setDeviceLanguageCountry requires language or country.
[35m[AndroidDriver][39m Got language: 'null' and country: 'null'
[35m[ADB][39m Successfully extracted 1444 strings from 'C:\Users\Admin\Desktop\API Demos for Android_v1.9.0_apkpure.com (1).apk' resources for '(default)' configuration
[35m[UiAutomator2][39m Starting uiautomator2 server 1.12.0
[35m[UiAutomator2][39m Using UIAutomator2 server from 'C:\Users\Admin\AppData\Roaming\npm\node_modules\appium\node_modules\appium-uiautomator2-server\apks\appium-uiautomator2-server-v1.12.0.apk' and test from 'C:\Users\Admin\AppData\Roaming\npm\node_modules\appium\node_modules\appium-uiautomator2-server\apks\appium-uiautomator2-server-debug-androidTest.apk'
[35m[UiAutomator2][39m Running command: 'adb -s 07db8c440705 shell am instrument -w io.appium.uiautomator2.server.test/android.support.test.runner.AndroidJUnitRunner'
[35m[UiAutomator2][39m Waiting up to 20000ms for UiAutomator2 to be online...
[35m[AndroidDriver][39m Screen already unlocked, doing nothing
[35m[UiAutomator2][39m UiAutomator2 did not start the activity we were waiting for, 'com.touchboarder.android.api.demos/com.touchboarder.androidapidemos.MainActivity'. Starting it ourselves
[35m[Appium][39m New AndroidUiautomator2Driver session created successfully, session 45786bb2-59f2-4208-a5ed-dd3bdc948773 added to master session list
[35m[HTTP][39m [37m<-- POST /wd/hub/session [39m[32m200[39m [90m71426 ms - 1231[39m
[35m[HTTP][39m [90m[39m
[35m[HTTP][39m [37m-->[39m [37mGET[39m [37m/wd/hub/status[39m
[35m[HTTP][39m [90m{}[39m
[35m[HTTP][39m [37m<-- GET /wd/hub/status [39m[32m200[39m [90m7 ms - 55[39m
[35m[HTTP][39m [90m[39m
[35m[HTTP][39m [37m-->[39m [37mPOST[39m [37m/wd/hub/session/45786bb2-59f2-4208-a5ed-dd3bdc948773/timeouts[39m
[35m[HTTP][39m [90m{"type":"implicit","ms":60000}[39m
[35m[HTTP][39m [37m<-- POST /wd/hub/session/45786bb2-59f2-4208-a5ed-dd3bdc948773/timeouts [39m[33m400[39m [90m48 ms - 5204[39m
[35m[HTTP][39m [90m[39m
[35m[HTTP][39m [37m-->[39m [37mGET[39m [37m/wd/hub/session/45786bb2-59f2-4208-a5ed-dd3bdc948773/source[39m
[35m[HTTP][39m [90m{}[39m
[35m[W3C][39m Driver proxy active, passing request on via HTTP proxy
[35m[JSONWP Proxy][39m Replacing sessionId d0b96edd-34cf-4fa8-926d-aafe6282b50f with 45786bb2-59f2-4208-a5ed-dd3bdc948773
[35m[HTTP][39m [37m<-- GET /wd/hub/session/45786bb2-59f2-4208-a5ed-dd3bdc948773/source [39m[32m200[39m [90m2443 ms - 29873[39m
[35m[HTTP][39m [90m[39m
[35m[HTTP][39m [37m-->[39m [37mGET[39m [37m/wd/hub/session/45786bb2-59f2-4208-a5ed-dd3bdc948773/screenshot[39m
[35m[HTTP][39m [90m{}[39m
[35m[HTTP][39m [37m<-- GET /wd/hub/session/45786bb2-59f2-4208-a5ed-dd3bdc948773/screenshot [39m[32m200[39m [90m1306 ms - 381942[39m
[35m[HTTP][39m [90m[39m
[35m[HTTP][39m [37m-->[39m [37mGET[39m [37m/wd/hub/session/45786bb2-59f2-4208-a5ed-dd3bdc948773/source[39m
[35m[HTTP][39m [90m{}[39m
[35m[W3C][39m Driver proxy active, passing request on via HTTP proxy
[35m[JSONWP Proxy][39m Replacing sessionId d0b96edd-34cf-4fa8-926d-aafe6282b50f with 45786bb2-59f2-4208-a5ed-dd3bdc948773
[35m[HTTP][39m [37m<-- GET /wd/hub/session/45786bb2-59f2-4208-a5ed-dd3bdc948773/source [39m[32m200[39m [90m260 ms - 11825[39m
[35m[HTTP][39m [90m[39m
[35m[HTTP][39m [37m-->[39m [37mGET[39m [37m/wd/hub/session/45786bb2-59f2-4208-a5ed-dd3bdc948773/screenshot[39m
[35m[HTTP][39m [90m{}[39m
[35m[HTTP][39m [37m<-- GET /wd/hub/session/45786bb2-59f2-4208-a5ed-dd3bdc948773/screenshot [39m[32m200[39m [90m648 ms - 231218[39m
[35m[HTTP][39m [90m[39m
[35m[HTTP][39m [37m-->[39m [37mGET[39m [37m/wd/hub/session/45786bb2-59f2-4208-a5ed-dd3bdc948773/source[39m
[35m[HTTP][39m [90m{}[39m
[35m[W3C][39m Driver proxy active, passing request on via HTTP proxy
[35m[JSONWP Proxy][39m Replacing sessionId d0b96edd-34cf-4fa8-926d-aafe6282b50f with 45786bb2-59f2-4208-a5ed-dd3bdc948773
[35m[HTTP][39m [37m<-- GET /wd/hub/session/45786bb2-59f2-4208-a5ed-dd3bdc948773/source [39m[32m200[39m [90m431 ms - 11999[39m
[35m[HTTP][39m [90m[39m
[35m[HTTP][39m [37m-->[39m [37mGET[39m [37m/wd/hub/session/45786bb2-59f2-4208-a5ed-dd3bdc948773/screenshot[39m
[35m[HTTP][39m [90m{}[39m
[35m[HTTP][39m [37m<-- GET /wd/hub/session/45786bb2-59f2-4208-a5ed-dd3bdc948773/screenshot [39m[32m200[39m [90m555 ms - 107666[39m
[35m[HTTP][39m [90m[39m
[35m[HTTP][39m [37m-->[39m [37mGET[39m [37m/wd/hub/session/45786bb2-59f2-4208-a5ed-dd3bdc948773/source[39m
[35m[HTTP][39m [90m{}[39m
[35m[W3C][39m Driver proxy active, passing request on via HTTP proxy
[35m[JSONWP Proxy][39m Replacing sessionId d0b96edd-34cf-4fa8-926d-aafe6282b50f with 45786bb2-59f2-4208-a5ed-dd3bdc948773
[35m[HTTP][39m [37m<-- GET /wd/hub/session/45786bb2-59f2-4208-a5ed-dd3bdc948773/source [39m[32m200[39m [90m161 ms - 11825[39m
[35m[HTTP][39m [90m[39m
[35m[HTTP][39m [37m-->[39m [37mGET[39m [37m/wd/hub/session/45786bb2-59f2-4208-a5ed-dd3bdc948773/screenshot[39m
[35m[HTTP][39m [90m{}[39m
[35m[HTTP][39m [37m<-- GET /wd/hub/session/45786bb2-59f2-4208-a5ed-dd3bdc948773/screenshot [39m[32m200[39m [90m659 ms - 231250[39m
[35m[HTTP][39m [90m[39m
[35m[HTTP][39m [37m-->[39m [37mDELETE[39m [37m/wd/hub/session/45786bb2-59f2-4208-a5ed-dd3bdc948773[39m
[35m[HTTP][39m [90m{}[39m
[35m[Appium][39m Removing session 45786bb2-59f2-4208-a5ed-dd3bdc948773 from our master session list
[35m[HTTP][39m [37m<-- DELETE /wd/hub/session/45786bb2-59f2-4208-a5ed-dd3bdc948773 [39m[32m200[39m [90m584 ms - 76[39m
[35m[HTTP][39m [90m[39m
